<?xml version="1.0" encoding="UTF-8" ?>
<testsuite tests="2" failures="2" name="TestSuite" time="0.11" errors="0" skipped="0">
  <properties>
[...]
</properties>
  <testcase classname="example.NewTest" name="testEasy" time="0.035">
    <failure type="java.lang.NullPointerException">java.lang.NullPointerException
	at example.NewTest.testEasy(NewTest.java:16)
</failure>
    <system-err>Starting ChromeDriver 2.33.506120 (e3e53437346286c0bc2d2dc9aa4915ba81d9023f) on port 10135
Only local connections are allowed.
</system-err>
  </testcase>
  <testcase classname="example.NewTest" name="afterTest" time="0.075">
    <failure type="java.lang.NullPointerException">java.lang.NullPointerException
	at example.NewTest.afterTest(NewTest.java:28)
</failure>
  </testcase>
</testsuite>